-------------------------------------
Beginning Export of all Source
InterneViertallen.accdb
VCS Version 3.2.2
Using Fast Save
7-12-2020 13:45:20
-------------------------------------
-------------------------------------
Exporting themes...           
  Kantoorthema
[1]
-------------------------------------
Exporting VB project...       
  InterneViertallen
[1]
-------------------------------------
Exporting vbe references...   
  stdole
[5]
-------------------------------------
No vbe forms found in this database.
-------------------------------------
Exporting proj properties...  
  Current Project Properties (Access)
[1]
-------------------------------------
No saved specs found in this database.
-------------------------------------
No shared images found in this database.
-------------------------------------
No imex specs found in this database.
-------------------------------------
Exporting db properties...    
  Database Properties (DAO)
[33]
-------------------------------------
Exporting tables...           
  (Skipping 'imps')
  (Skipping 'tblconstanten')
  (Skipping 'tblFolders')
  (Skipping 'tblGroepen')
  (Skipping 'tblIndeling')
  (Skipping 'tblOpstelling')
  (Skipping 'tblSessie')
  (Skipping 'tblTeams')
  (Skipping 'tblToernooi')
  (Skipping 'tblWebInfo')
  (Skipping 'tblWedstrijd')
  (Skipping 'vps')
[12]
-------------------------------------
Exporting queries...          
  (Skipping 'qryTeams')
  qryTeams_per_Toernooi
    Sanitized in 0,00 seconds.
  qryTeams_per_Toernooi (SQL)
  (Skipping 'Query1')
[3]
-------------------------------------
Exporting forms...            
  Toernooigegevens
    Sanitized in 0,01 seconds.
  (Skipping 'frmFolders')
  Start_VT
    Sanitized in 0,01 seconds.
  frmWebInfo
    Sanitized in 0,00 seconds.
  (Skipping 'frmOpstelling')
  frmStepID
    Sanitized in 0,00 seconds.
  Sessiegegevens
    Sanitized in 0,01 seconds.
  frmProcess
    Sanitized in 0,01 seconds.
  (Skipping 'frmCopy')
[9]
-------------------------------------
Exporting macros...           
  (Skipping 'autoexec')
[1]
-------------------------------------
Exporting modules...          
  modExportSchema
  modOutlook
  modHTML
  modInit
  modWeb
  modWebExtract
  modExcelTemplates
[7]
-------------------------------------
No reports found in this database.
-------------------------------------
No table data found in this database.
-------------------------------------
No table data macros found in this database.
-------------------------------------
Exporting relations...        
  tblToernooitblOpstelling
  tblToernooitblSessie
  tblToernooitblTeams
  tblToernooitblWebInfo
[4]
-------------------------------------
Exporting doc properties...   
  Database Documents
[2]
-------------------------------------
Exporting nav pane groups...  
  Groups
[1]
-------------------------------------
Done. (2,49 seconds)

-------------------------------------
        PERFORMANCE REPORTS
-------------------------------------
Object Type         Count     Seconds
-------------------------------------
themes              1         0,02
VB project          1         0,03
vbe references      5         0,05
proj properties     1         0,03
db properties       33        0,20
tables              12        0,02
queries             3         0,18
forms               9         0,66
macros              1         0,00
modules             7         0,60
relations           4         0,17
doc properties      2         0,05
nav pane groups     1         0,04
-------------------------------------
TOTALS:             80        2,05

-------------------------------------
Operations          Count     Seconds
-------------------------------------
Console Updates     3         0,10
Extract Theme       1         0,00
Clear Orphaned      6         0,18
App.SaveAsText()    14        0,81
Delete File         21        0,01
Read File           7         0,01
Sanitize File       7         0,05
Unicode Check       8         0,04
Write to Disk       8         0,02
Save Query SQL      1         0,00
Increment Progress  1         0,07
Other Operations              1,22


